Linear Regression Model
mse = 0.0060769302419600366
r2 = 0.747642221745001
Ridge Regression Model
mse = 0.009370199887316735
r2 = 0.6108820191745679
Random Forest Model
mse = 0.0001473722549042809
r2 = 0.9938800457890268
XGBoost Model
mse = 0.00012654497402176423
r2 = 0.9947449440388559
|   iter    |  target   |   case    |   gr_tt   |    ngy    |    nlz    | tstcase_0 | tstcase_1 | tstcase_2 |    wg     |
-------------------------------------------------------------------------------------------------------------------------
| 1         | 0.7522    | 4.17      | 0.7203    | 0.001716  | 1.512     | 0.1468    | 0.09234   | 0.1863    | 5.529     |
| 2         | 0.1595    | 3.968     | 0.5388    | 6.288     | 3.426     | 0.2045    | 0.8781    | 0.02739   | 10.73     |
| 3         | 0.1449    | 4.173     | 0.5587    | 2.106     | 0.9905    | 0.8007    | 0.9683    | 0.3134    | 11.08     |
| 4         | 0.2629    | 8.764     | 0.8946    | 1.276     | 0.1953    | 0.1698    | 0.8781    | 0.09835   | 6.738     |
| 5         | 0.1523    | 9.579     | 0.5332    | 10.38     | 1.578     | 0.6865    | 0.8346    | 0.01829   | 12.0      |
| 6         | 0.7408    | 9.889     | 0.7482    | 4.207     | 3.946     | 0.1032    | 0.4479    | 0.9086    | 4.698     |
| 7         | 0.03882   | 2.878     | 0.13      | 0.2905    | 3.394     | 0.2116    | 0.2655    | 0.4916    | 0.8538    |
| 8         | 0.048     | 5.741     | 0.1467    | 8.84      | 3.499     | 0.1023    | 0.4141    | 0.6944    | 6.627     |
| 9         | 0.1611    | 0.4995    | 0.5359    | 9.957     | 2.574     | 0.9446    | 0.5866    | 0.9034    | 2.2       |
| 10        | 0.7522    | 1.393     | 0.8074    | 5.965     | 0.8268    | 0.9275    | 0.3478    | 0.7508    | 11.62     |
| 11        | 0.671     | 9.749     | 0.4755    | 4.532     | 4.137     | 0.5854    | 0.2161    | 0.9076    | 5.246     |
| 12        | 0.7522    | 0.0       | 0.9893    | 6.58      | 0.0       | 1.0       | 0.0       | 1.0       | 12.2      |
| 13        | 0.02437   | 0.0       | 0.0       | 6.403     | 0.0       | 1.0       | 1.0       | 1.0       | 9.863     |
| [95m14       [39m | [95m0.7912   [39m | [95m1.114    [39m | [95m1.0      [39m | [95m6.165    [39m | [95m0.6244   [39m | [95m0.9878   [39m | [95m0.0      [39m | [95m0.819    [39m | [95m13.18    [39m |
/Users/venus/Erfan/paper_based_pump/utils.py:30: DataConversionWarning: A column-vector y was passed when a 1d array was expected. Please change the shape of y to (n_samples,), for example using ravel().
  model.fit(X_train, y_train)
| 15        | 0.7912    | 0.0       | 1.0       | 6.168     | 1.952     | 1.0       | 0.0       | 0.0       | 12.63     |
| 16        | 0.7912    | 0.0       | 1.0       | 4.546     | 0.4216    | 0.0       | 0.0       | 0.0       | 12.96     |
| 17        | 0.7912    | 0.0       | 1.0       | 3.853     | 2.57      | 1.0       | 0.0       | 1.0       | 14.05     |
| 18        | 0.06606   | 0.0       | 0.0       | 5.463     | 1.821     | 0.0       | 0.0       | 0.0       | 16.0      |
| 19        | 0.7522    | 0.0       | 1.0       | 3.986     | 1.894     | 1.0       | 0.0       | 1.0       | 11.97     |
| 20        | 0.7912    | 0.0       | 1.0       | 2.513     | 5.0       | 1.0       | 0.0       | 1.0       | 13.08     |
| 21        | 0.7912    | 0.0       | 1.0       | 0.5234    | 2.784     | 1.0       | 0.0       | 1.0       | 14.03     |
| 22        | 0.7912    | 2.052     | 0.7511    | 0.4806    | 4.946     | 0.4482    | 0.3163    | 0.7235    | 15.88     |
| 23        | 0.7912    | 0.0       | 1.0       | 0.0       | 5.0       | 0.0       | 0.0       | 0.0       | 13.91     |
| 24        | 0.7408    | 10.0      | 1.0       | 4.634     | 5.0       | 0.0       | 0.0       | 1.0       | 0.9179    |
| 25        | 0.2629    | 10.0      | 1.0       | 5.444     | 1.139     | 0.0       | 1.0       | 1.0       | 1.061     |
| 26        | 0.7408    | 10.0      | 1.0       | 1.222     | 5.0       | 0.0       | 0.0       | 1.0       | 2.893     |
| 27        | 0.7522    | 0.0       | 1.0       | 0.0       | 5.0       | 0.0       | 0.0       | 0.0       | 9.531     |
| 28        | 0.7522    | 0.0       | 1.0       | 0.0       | 1.484     | 0.0       | 0.0       | 0.0       | 6.807     |
| 29        | 0.7912    | 6.301     | 1.0       | 0.0       | 5.0       | 1.0       | 0.0       | 1.0       | 16.0      |
| 30        | 0.782     | 10.0      | 1.0       | 0.0       | 5.0       | 1.0       | 0.0       | 1.0       | 16.0      |
| 31        | 0.782     | 10.0      | 1.0       | 0.0       | 0.8616    | 1.0       | 0.0       | 1.0       | 16.0      |
| 32        | 0.2627    | 9.208     | 1.0       | 3.586     | 5.0       | 1.0       | 1.0       | 1.0       | 16.0      |
| 33        | 0.7912    | 6.08      | 1.0       | 0.0       | 1.354     | 0.0       | 0.0       | 1.0       | 16.0      |
| 34        | 0.7408    | 10.0      | 1.0       | 0.0       | 5.0       | 0.0       | 0.0       | 1.0       | 12.17     |
| 35        | 0.06502   | 3.428     | 0.0       | 0.0       | 5.0       | 1.0       | 0.0       | 0.0       | 13.13     |
| 36        | 0.05726   | 8.433     | 0.0       | 0.0       | 2.981     | 0.0       | 0.0       | 0.0       | 16.0      |
| 37        | 0.1449    | 0.8429    | 0.5775    | 1.854     | 4.025     | 0.8346    | 0.6611    | 0.6005    | 15.77     |
| 38        | 0.2698    | 0.06257   | 1.0       | 5.101     | 1.196     | 1.0       | 0.7387    | 1.0       | 13.0      |
| 39        | 0.7522    | 0.6415    | 0.9911    | 6.457     | 0.9023    | 0.8187    | 0.0       | 0.2066    | 12.35     |
| 40        | 0.7522    | 0.994     | 1.0       | 5.542     | 0.0       | 0.2045    | 0.0       | 0.3148    | 12.47     |
=========================================================================================================================
{'target': 0.7912060618400574, 'params': {'case': 1.1143071258392754, 'gr_tt': 1.0, 'ngy': 6.165370292401545, 'nlz': 0.6244434171208884, 'tstcase_0': 0.9878277838811166, 'tstcase_1': 0.0, 'tstcase_2': 0.818972894711257, 'wg': 13.17908596472142}}